<?xml version="1.0" encoding="UTF-8"?>
<!-- Generated by org.testng.reporters.JUnitReportReporter -->
<testsuite hostname="DESKTOP-21M3CIU" failures="0" tests="4" name="Test.TestCoursePage" time="59.189" errors="0" timestamp="20 Jan 2020 00:46:03 GMT" skipped="0">
  <testcase classname="Test.TestCoursePage" name="Tablelinks" time="32.144"/>
  <testcase classname="Test.TestCoursePage" name="TableHeaderTitles" time="9.002"/>
  <testcase classname="Test.TestCoursePage" name="PagetitleAndHeader" time="8.604"/>
  <testcase classname="Test.TestCoursePage" name="navigateCoursesmenu" time="9.439"/>
</testsuite> <!-- Test.TestCoursePage -->
