<?xml version="1.0" encoding="UTF-8"?>
<!-- Generated by org.testng.reporters.JUnitReportReporter -->
<testsuite hostname="DESKTOP-21M3CIU" failures="0" tests="4" name="Test.TestStudentsPage" time="63.020" errors="0" timestamp="20 Jan 2020 03:24:33 GMT" skipped="0">
  <testcase classname="Test.TestStudentsPage" name="C_VerifySearchFunctionality" time="17.314"/>
  <testcase classname="Test.TestStudentsPage" name="A_verifyAddStudents" time="16.032"/>
  <testcase classname="Test.TestStudentsPage" name="B_verifStudentPage" time="8.229"/>
  <testcase classname="Test.TestStudentsPage" name="D_Verify_Edit_Details_DeleteFeature" time="21.445"/>
</testsuite> <!-- Test.TestStudentsPage -->
