<?xml version="1.0" encoding="UTF-8"?>
<!-- Generated by org.testng.reporters.JUnitReportReporter -->
<testsuite hostname="LAPTOP-D2LQBAO6" failures="0" tests="1" name="Test.TestCoursePage" time="80.502" errors="0" timestamp="20 Jan 2020 17:32:58 GMT" skipped="0">
  <testcase classname="Test.TestCoursePage" name="A_Tablelinks" time="80.502"/>
</testsuite> <!-- Test.TestCoursePage -->
